c:\users\alexandr\source\repos\opengl\opengl_project\debug\vc141.pdb
c:\users\alexandr\source\repos\opengl\opengl_project\debug\vc141.idb
c:\users\alexandr\source\repos\opengl\opengl_project\debug\vertexarray.obj
c:\users\alexandr\source\repos\opengl\opengl_project\debug\vertexbuffer.obj
c:\users\alexandr\source\repos\opengl\opengl_project\debug\texture.obj
c:\users\alexandr\source\repos\opengl\opengl_project\debug\stb_image.obj
c:\users\alexandr\source\repos\opengl\opengl_project\debug\shader.obj
c:\users\alexandr\source\repos\opengl\opengl_project\debug\renderer.obj
c:\users\alexandr\source\repos\opengl\opengl_project\debug\poin2d.obj
c:\users\alexandr\source\repos\opengl\opengl_project\debug\opengl_project.obj
c:\users\alexandr\source\repos\opengl\opengl_project\debug\indexbuffer.obj
c:\users\alexandr\source\repos\opengl\debug\opengl_project.exe
c:\users\alexandr\source\repos\opengl\debug\opengl_project.ilk
c:\users\alexandr\source\repos\opengl\debug\opengl_project.pdb
c:\users\alexandr\source\repos\opengl\opengl_project\debug\opengl_project.tlog\cl.command.1.tlog
c:\users\alexandr\source\repos\opengl\opengl_project\debug\opengl_project.tlog\cl.read.1.tlog
c:\users\alexandr\source\repos\opengl\opengl_project\debug\opengl_project.tlog\cl.write.1.tlog
c:\users\alexandr\source\repos\opengl\opengl_project\debug\opengl_project.tlog\link.command.1.tlog
c:\users\alexandr\source\repos\opengl\opengl_project\debug\opengl_project.tlog\link.read.1.tlog
c:\users\alexandr\source\repos\opengl\opengl_project\debug\opengl_project.tlog\link.write.1.tlog
