  pch.cpp
c:\program files (x86)\windows kits\10\include\10.0.17134.0\shared\minwindef.h(130): warning C4005: 'APIENTRY': macro redefinition
  c:\users\alexandr\source\repos\opengl\includes\glfw\glfw3.h(98): note: see previous definition of 'APIENTRY'
  Collision.cpp
c:\users\alexandr\source\repos\opengl\opengl_project\src\components\collision.cpp(123): warning C4244: 'argument': conversion from 'double' to 'float', possible loss of data
  Transform.cpp
  WindowsInput.cpp
  GameObject.cpp
  IndexBuffer.cpp
  Renderer.cpp
  Renderer2D.cpp
  Shader.cpp
  Texture.cpp
  VertexArray.cpp
  VertexBuffer.cpp
  Generating Code...
  ThreadPool.cpp
c:\users\alexandr\source\repos\opengl\opengl_project\src\core\threadpool.cpp(19): warning C4018: '<': signed/unsigned mismatch
  OpenGL_Project.cpp
c:\users\alexandr\source\repos\opengl\opengl_project\src\opengl_project.cpp(59): warning C4244: 'argument': conversion from 'double' to 'float', possible loss of data
LINK : warning LNK4098: defaultlib 'MSVCRT' conflicts with use of other libs; use /NODEFAULTLIB:library
LINK : warning LNK4098: defaultlib 'LIBCMT' conflicts with use of other libs; use /NODEFAULTLIB:library
glew32s.lib(glew.obj) : warning LNK4099: PDB 'vc120.pdb' was not found with 'glew32s.lib(glew.obj)' or at 'C:\Users\Alexandr\source\repos\OpenGL\Debug\vc120.pdb'; linking object as if no debug info
  OpenGL_Project.vcxproj -> C:\Users\Alexandr\source\repos\OpenGL\Debug\OpenGL_Project.exe
