c:\users\alexandr\source\repos\opengl\opengl_project\release\vc141.pdb
c:\users\alexandr\source\repos\opengl\opengl_project\release\imgui_widgets.obj
c:\users\alexandr\source\repos\opengl\opengl_project\release\imgui_impl_opengl3.obj
c:\users\alexandr\source\repos\opengl\opengl_project\release\imgui_impl_glfw.obj
c:\users\alexandr\source\repos\opengl\opengl_project\release\imgui_draw.obj
c:\users\alexandr\source\repos\opengl\opengl_project\release\imgui_demo.obj
c:\users\alexandr\source\repos\opengl\opengl_project\release\imgui.obj
c:\users\alexandr\source\repos\opengl\opengl_project\release\stb_image.obj
c:\users\alexandr\source\repos\opengl\opengl_project\release\threadpool.obj
c:\users\alexandr\source\repos\opengl\opengl_project\release\eventsystem.obj
c:\users\alexandr\source\repos\opengl\opengl_project\release\vertexbuffer.obj
c:\users\alexandr\source\repos\opengl\opengl_project\release\vertexarray.obj
c:\users\alexandr\source\repos\opengl\opengl_project\release\texture.obj
c:\users\alexandr\source\repos\opengl\opengl_project\release\shader.obj
c:\users\alexandr\source\repos\opengl\opengl_project\release\renderer2d.obj
c:\users\alexandr\source\repos\opengl\opengl_project\release\renderer.obj
c:\users\alexandr\source\repos\opengl\opengl_project\release\indexbuffer.obj
c:\users\alexandr\source\repos\opengl\opengl_project\release\gameobject.obj
c:\users\alexandr\source\repos\opengl\opengl_project\release\windowsinput.obj
c:\users\alexandr\source\repos\opengl\opengl_project\release\transform.obj
c:\users\alexandr\source\repos\opengl\opengl_project\release\collision.obj
c:\users\alexandr\source\repos\opengl\opengl_project\release\orthographiccamera.obj
c:\users\alexandr\source\repos\opengl\opengl_project\release\editor.obj
c:\users\alexandr\source\repos\opengl\opengl_project\release\opengl_project.pch
c:\users\alexandr\source\repos\opengl\opengl_project\release\pch.obj
c:\users\alexandr\source\repos\opengl\opengl_project\release\opengl_project.obj
c:\users\alexandr\source\repos\opengl\release\opengl_project.exe
c:\users\alexandr\source\repos\opengl\release\opengl_project.pdb
c:\users\alexandr\source\repos\opengl\release\opengl_project.ipdb
c:\users\alexandr\source\repos\opengl\release\opengl_project.iobj
c:\users\alexandr\source\repos\opengl\opengl_project\release\esp5b3d.tmp
c:\users\alexandr\source\repos\opengl\opengl_project\release\opengl_project.tlog\cl.command.1.tlog
c:\users\alexandr\source\repos\opengl\opengl_project\release\opengl_project.tlog\cl.read.1.tlog
c:\users\alexandr\source\repos\opengl\opengl_project\release\opengl_project.tlog\cl.write.1.tlog
c:\users\alexandr\source\repos\opengl\opengl_project\release\opengl_project.tlog\link.command.1.tlog
c:\users\alexandr\source\repos\opengl\opengl_project\release\opengl_project.tlog\link.read.1.tlog
c:\users\alexandr\source\repos\opengl\opengl_project\release\opengl_project.tlog\link.write.1.tlog
c:\users\alexandr\source\repos\opengl\opengl_project\release\opengl_project.tlog\opengl_project.write.1u.tlog
