  Transform.cpp
c:\users\alexandr\source\repos\opengl\opengl_project\src\components\transform.cpp(64): fatal error C1010: unexpected end of file while looking for precompiled header. Did you forget to add '#include "pch.h"' to your source?
  Collision.cpp
c:\users\alexandr\source\repos\opengl\opengl_project\src\components\collision.cpp(164): fatal error C1010: unexpected end of file while looking for precompiled header. Did you forget to add '#include "pch.h"' to your source?
  EventSystem.cpp
c:\users\alexandr\source\repos\opengl\opengl_project\src\core\eventsystem.cpp(137): fatal error C1010: unexpected end of file while looking for precompiled header. Did you forget to add '#include "pch.h"' to your source?
  ThreadPool.cpp
c:\users\alexandr\source\repos\opengl\opengl_project\src\core\threadpool.cpp(62): fatal error C1010: unexpected end of file while looking for precompiled header. Did you forget to add '#include "pch.h"' to your source?
  WindowsInput.cpp
c:\users\alexandr\source\repos\opengl\opengl_project\src\core\windowsinput.cpp(14): fatal error C1010: unexpected end of file while looking for precompiled header. Did you forget to add '#include "pch.h"' to your source?
  pch.cpp
c:\users\alexandr\source\repos\opengl\opengl_project\src\pch.cpp(1): fatal error C1083: Cannot open precompiled header file: 'x64\Debug\OpenGL_Project.pch': No such file or directory
  IndexBuffer.cpp
c:\users\alexandr\source\repos\opengl\opengl_project\src\render\indexbuffer.cpp(21): fatal error C1010: unexpected end of file while looking for precompiled header. Did you forget to add '#include "pch.h"' to your source?
  OpenGL_Project.cpp
c:\users\alexandr\source\repos\opengl\opengl_project\src\opengl_project.cpp(1): fatal error C1083: Cannot open precompiled header file: 'x64\Debug\OpenGL_Project.pch': No such file or directory
  GameObject.cpp
c:\users\alexandr\source\repos\opengl\opengl_project\src\objects2d\gameobject.cpp(112): fatal error C1010: unexpected end of file while looking for precompiled header. Did you forget to add '#include "pch.h"' to your source?
  Renderer.cpp
c:\users\alexandr\source\repos\opengl\opengl_project\src\render\renderer.cpp(53): fatal error C1010: unexpected end of file while looking for precompiled header. Did you forget to add '#include "pch.h"' to your source?
  Renderer2D.cpp
c:\users\alexandr\source\repos\opengl\opengl_project\src\render\renderer2d.cpp(33): fatal error C1010: unexpected end of file while looking for precompiled header. Did you forget to add '#include "pch.h"' to your source?
  Shader.cpp
c:\users\alexandr\source\repos\opengl\opengl_project\src\render\shader.cpp(118): fatal error C1010: unexpected end of file while looking for precompiled header. Did you forget to add '#include "pch.h"' to your source?
  stb_image.cpp
c:\users\alexandr\source\repos\opengl\opengl_project\src\render\stb_image.cpp(4): fatal error C1010: unexpected end of file while looking for precompiled header. Did you forget to add '#include "pch.h"' to your source?
  Texture.cpp
c:\users\alexandr\source\repos\opengl\opengl_project\src\render\texture.cpp(39): fatal error C1010: unexpected end of file while looking for precompiled header. Did you forget to add '#include "pch.h"' to your source?
  VertexBuffer.cpp
c:\users\alexandr\source\repos\opengl\opengl_project\src\render\vertexbuffer.cpp(21): fatal error C1010: unexpected end of file while looking for precompiled header. Did you forget to add '#include "pch.h"' to your source?
  VertexArray.cpp
c:\users\alexandr\source\repos\opengl\opengl_project\src\render\vertexarray.cpp(34): fatal error C1010: unexpected end of file while looking for precompiled header. Did you forget to add '#include "pch.h"' to your source?
  imgui.cpp
c:\users\alexandr\source\repos\opengl\opengl_project\src\vendor\imgui\imgui.cpp(1974): warning C4005: 'va_copy': macro redefinition
  c:\users\alexandr\source\repos\opengl\opengl_project\src\vendor\imgui\imgui.cpp(1972): note: see previous definition of 'va_copy'
c:\users\alexandr\source\repos\opengl\opengl_project\src\vendor\imgui\imgui.cpp(9919): fatal error C1010: unexpected end of file while looking for precompiled header. Did you forget to add '#include "pch.h"' to your source?
  imgui_demo.cpp
c:\users\alexandr\source\repos\opengl\opengl_project\src\vendor\imgui\imgui_demo.cpp(104): warning C4005: 'IM_NEWLINE': macro redefinition
  c:\users\alexandr\source\repos\opengl\opengl_project\src\vendor\imgui\imgui_demo.cpp(102): note: see previous definition of 'IM_NEWLINE'
c:\users\alexandr\source\repos\opengl\opengl_project\src\vendor\imgui\imgui_demo.cpp(4820): fatal error C1010: unexpected end of file while looking for precompiled header. Did you forget to add '#include "pch.h"' to your source?
  imgui_draw.cpp
c:\users\alexandr\source\repos\opengl\opengl_project\src\vendor\imgui\imgui_draw.cpp(126): error C2006: '#include': expected a filename, found 'identifier'
c:\users\alexandr\source\repos\opengl\opengl_project\src\vendor\imgui\imgui_draw.cpp(149): error C2006: '#include': expected a filename, found 'identifier'
c:\users\alexandr\source\repos\opengl\opengl_project\src\vendor\imgui\imgui_draw.cpp(3367): fatal error C1010: unexpected end of file while looking for precompiled header. Did you forget to add '#include "pch.h"' to your source?
  imgui_impl_glfw.cpp
c:\users\alexandr\source\repos\opengl\opengl_project\src\vendor\imgui\imgui_impl_glfw.cpp(345): fatal error C1010: unexpected end of file while looking for precompiled header. Did you forget to add '#include "pch.h"' to your source?
  Generating Code...
  Compiling...
  imgui_impl_opengl3.cpp
c:\users\alexandr\source\repos\opengl\opengl_project\src\vendor\imgui\imgui_impl_opengl3.cpp(119): error C2006: '#include': expected a filename, found 'identifier'
c:\users\alexandr\source\repos\opengl\opengl_project\src\vendor\imgui\imgui_impl_opengl3.cpp(127): warning C4005: 'IMGUI_IMPL_OPENGL_MAY_HAVE_VTX_OFFSET': macro redefinition
  c:\users\alexandr\source\repos\opengl\opengl_project\src\vendor\imgui\imgui_impl_opengl3.cpp(125): note: see previous definition of 'IMGUI_IMPL_OPENGL_MAY_HAVE_VTX_OFFSET'
c:\users\alexandr\source\repos\opengl\opengl_project\src\vendor\imgui\imgui_impl_opengl3.cpp(669): fatal error C1010: unexpected end of file while looking for precompiled header. Did you forget to add '#include "pch.h"' to your source?
  imgui_widgets.cpp
c:\users\alexandr\source\repos\opengl\opengl_project\src\vendor\imgui\imgui_widgets.cpp(7615): fatal error C1010: unexpected end of file while looking for precompiled header. Did you forget to add '#include "pch.h"' to your source?
  Generating Code...
